Using pre-set license
Built from '2020.3/staging' branch; Version is '2020.3.11f1 (99c7afb366b3) revision 10078127'; Using compiler version '192528614'; Build Type 'Release'
OS: 'Windows 10 Education; OS build 18363.1916; Version 1909; 64bit' Language: 'en' Physical Memory: 16336 MB
BatchMode: 1, IsHumanControllingUs: 0, StartBugReporterOnCrash: 0, Is64bit: 1, IsPro: 0

 COMMAND LINE ARGUMENTS:
C:\Program Files\Unity\Hub\Editor\2020.3.11f1\Editor\Unity.exe
-adb2
-batchMode
-noUpm
-name
AssetImportWorker0
-projectPath
C:/Users/Optimal State/Documents/GitHub/MissionDemolition/MissionDemolition
-logFile
Logs/AssetImportWorker0.log
-srvPort
55143
Successfully changed project path to: C:/Users/Optimal State/Documents/GitHub/MissionDemolition/MissionDemolition
C:/Users/Optimal State/Documents/GitHub/MissionDemolition/MissionDemolition
Using Asset Import Pipeline V2.
Refreshing native plugins compatible for Editor in 162.13 ms, found 2 plugins.
Preloading 0 native plugins for Editor in 0.00 ms.
Initialize engine version: 2020.3.11f1 (99c7afb366b3)
[Subsystems] Discovering subsystems at path C:/Program Files/Unity/Hub/Editor/2020.3.11f1/Editor/Data/Resources/UnitySubsystems
[Subsystems] Discovering subsystems at path C:/Users/Optimal State/Documents/GitHub/MissionDemolition/MissionDemolition/Assets
GfxDevice: creating device client; threaded=0
Direct3D:
    Version:  Direct3D 11.0 [level 11.1]
    Renderer: NVIDIA GeForce GTX 1070 (ID=0x1b81)
    Vendor:   
    VRAM:     8088 MB
    Driver:   30.0.14.9649
Initialize mono
Mono path[0] = 'C:/Program Files/Unity/Hub/Editor/2020.3.11f1/Editor/Data/Managed'
Mono path[1] = 'C:/Program Files/Unity/Hub/Editor/2020.3.11f1/Editor/Data/MonoBleedingEdge/lib/mono/unityjit'
Mono config path = 'C:/Program Files/Unity/Hub/Editor/2020.3.11f1/Editor/Data/MonoBleedingEdge/etc'
Using monoOptions --debugger-agent=transport=dt_socket,embedding=1,server=y,suspend=n,address=127.0.0.1:56728
Begin MonoManager ReloadAssembly
Registering precompiled unity dll's ...
Register platform support module: C:/Program Files/Unity/Hub/Editor/2020.3.11f1/Editor/Data/PlaybackEngines/WindowsStandaloneSupport/UnityEditor.WindowsStandalone.Extensions.dll
Registered in 0.003281 seconds.
Native extension for WindowsStandalone target not found
Refreshing native plugins compatible for Editor in 83.21 ms, found 2 plugins.
Preloading 0 native plugins for Editor in 0.00 ms.
Mono: successfully reloaded assembly
- Completed reload, in  3.201 seconds
Platform modules already initialized, skipping
Registering precompiled user dll's ...
Registered in 0.007763 seconds.
Begin MonoManager ReloadAssembly
Native extension for WindowsStandalone target not found
Refreshing native plugins compatible for Editor in 71.80 ms, found 2 plugins.
Preloading 0 native plugins for Editor in 0.00 ms.
Mono: successfully reloaded assembly
- Completed reload, in  2.060 seconds
Platform modules already initialized, skipping
========================================================================
Worker process is ready to serve import requests
Shader 'Universal Render Pipeline/Particles/Lit': fallback shader 'Universal Render Pipeline/Particles/SimpleLit' not found
Shader 'Universal Render Pipeline/Particles/Lit': fallback shader 'Universal Render Pipeline/Particles/SimpleLit' not found
Launched and connected shader compiler UnityShaderCompiler.exe after 0.07 seconds
Refreshing native plugins compatible for Editor in 0.95 ms, found 2 plugins.
Preloading 0 native plugins for Editor in 0.00 ms.
Unloading 2692 Unused Serialized files (Serialized files now loaded: 0)
System memory in use before: 122.3 MB.
System memory in use after: 119.6 MB.

Unloading 54 unused Assets to reduce memory usage. Loaded Objects now: 3089.
Total: 6.225600 ms (FindLiveObjects: 0.355600 ms CreateObjectMapping: 0.078300 ms MarkObjects: 3.986500 ms  DeleteObjects: 1.802900 ms)

========================================================================
Received Import Request.
  path: Assets/Readme.asset
  artifactKey: Guid(83c2ed844a8c74b779a4c823d16594b1) Importer(815301076,1909f56bfc062723c751e8b465ee728b)
Start importing Assets/Readme.asset using Guid(83c2ed844a8c74b779a4c823d16594b1) Importer(815301076,1909f56bfc062723c751e8b465ee728b)  -> (artifact id: '8ffd2c44ffeb50c574abb5d0c4453328') in 0.058175 seconds
  Import took 0.065489 seconds .

========================================================================
Received Import Request.
  Time since last request: 854.964075 seconds.
  path: Assets/Presets/AudioCompressedInMemory.preset
  artifactKey: Guid(2dd802e4d37c65149922028d3e973832) Importer(815301076,1909f56bfc062723c751e8b465ee728b)
Start importing Assets/Presets/AudioCompressedInMemory.preset using Guid(2dd802e4d37c65149922028d3e973832) Importer(815301076,1909f56bfc062723c751e8b465ee728b)  -> (artifact id: 'ac4de02398cfe62c06251b0f50233ebf') in 0.016493 seconds
  Import took 0.021417 seconds .

========================================================================
Received Import Request.
  Time since last request: 0.000232 seconds.
  path: Assets/Presets/AudioStreaming.preset
  artifactKey: Guid(86bcce7f5575b54408aa0f3a7d321039) Importer(815301076,1909f56bfc062723c751e8b465ee728b)
Start importing Assets/Presets/AudioStreaming.preset using Guid(86bcce7f5575b54408aa0f3a7d321039) Importer(815301076,1909f56bfc062723c751e8b465ee728b)  -> (artifact id: '9982fbd60bc57b892b2c54d34a0163c0') in 0.011446 seconds
  Import took 0.016095 seconds .

========================================================================
Received Import Request.
  Time since last request: 0.000248 seconds.
  path: Assets/Presets/NormalTexture.preset
  artifactKey: Guid(14a57cf3b9fa1c74b884aa7e0dcf1faa) Importer(815301076,1909f56bfc062723c751e8b465ee728b)
Start importing Assets/Presets/NormalTexture.preset using Guid(14a57cf3b9fa1c74b884aa7e0dcf1faa) Importer(815301076,1909f56bfc062723c751e8b465ee728b)  -> (artifact id: '9c195482fc53bc4f53f643643f636469') in 0.012774 seconds
  Import took 0.017937 seconds .

========================================================================
Received Import Request.
  Time since last request: 0.000237 seconds.
  path: Assets/Presets/UtilityTexture.preset
  artifactKey: Guid(45f7b2e3c78185248b3adbb14429c2ab) Importer(815301076,1909f56bfc062723c751e8b465ee728b)
Start importing Assets/Presets/UtilityTexture.preset using Guid(45f7b2e3c78185248b3adbb14429c2ab) Importer(815301076,1909f56bfc062723c751e8b465ee728b)  -> (artifact id: 'ab9c1faeeb59b745cafa0ae79c874a42') in 0.014910 seconds
  Import took 0.019652 seconds .

========================================================================
Received Import Request.
  Time since last request: 5.774072 seconds.
  path: Assets/Materials/Skybox_Mat.mat
  artifactKey: Guid(0ffaa0b7117ba8c47a9d05ae701d4b4d) Importer(815301076,1909f56bfc062723c751e8b465ee728b)
Start importing Assets/Materials/Skybox_Mat.mat using Guid(0ffaa0b7117ba8c47a9d05ae701d4b4d) Importer(815301076,1909f56bfc062723c751e8b465ee728b)  -> (artifact id: '4d54ab3375f41efad00566dcae11def2') in 0.262270 seconds
  Import took 0.267622 seconds .

========================================================================
Received Import Request.
  Time since last request: 82.178805 seconds.
  path: Assets/Materials
  artifactKey: Guid(d0234ba368eeec9418390da711bfdad0) Importer(815301076,1909f56bfc062723c751e8b465ee728b)
Start importing Assets/Materials using Guid(d0234ba368eeec9418390da711bfdad0) Importer(815301076,1909f56bfc062723c751e8b465ee728b)  -> (artifact id: 'dd1fccef896d48891410691dfde716e5') in 0.009017 seconds
  Import took 0.014080 seconds .

========================================================================
Received Import Request.
  Time since last request: 7.153797 seconds.
  path: Assets/Materials/mat_Ground.mat
  artifactKey: Guid(0720499a62f9d984795306940efc14da) Importer(815301076,1909f56bfc062723c751e8b465ee728b)
Start importing Assets/Materials/mat_Ground.mat using Guid(0720499a62f9d984795306940efc14da) Importer(815301076,1909f56bfc062723c751e8b465ee728b)  -> (artifact id: '3bca9b93f302094e8c40a7138f84f3db') in 0.028678 seconds
  Import took 0.034049 seconds .

========================================================================
Received Import Request.
  Time since last request: 39.458457 seconds.
  path: Assets/Materials/mat_Ground.mat
  artifactKey: Guid(0720499a62f9d984795306940efc14da) Importer(815301076,1909f56bfc062723c751e8b465ee728b)
Start importing Assets/Materials/mat_Ground.mat using Guid(0720499a62f9d984795306940efc14da) Importer(815301076,1909f56bfc062723c751e8b465ee728b)  -> (artifact id: '2ffb8234cc071f79d1176b9f6a4d6485') in 0.016829 seconds
  Import took 0.022328 seconds .

========================================================================
Received Import Request.
  Time since last request: 366.652687 seconds.
  path: Assets/Materials/mat_Slingshot.mat
  artifactKey: Guid(66303fa9b2926b04bbd9dead0ebed53e) Importer(815301076,1909f56bfc062723c751e8b465ee728b)
Start importing Assets/Materials/mat_Slingshot.mat using Guid(66303fa9b2926b04bbd9dead0ebed53e) Importer(815301076,1909f56bfc062723c751e8b465ee728b)  -> (artifact id: '7ef809b6815a9d8d328df578b7bf3c3b') in 0.022000 seconds
  Import took 0.027567 seconds .

========================================================================
Received Import Request.
  Time since last request: 195.605105 seconds.
  path: Assets/Materials/mat_Slingshot.mat
  artifactKey: Guid(66303fa9b2926b04bbd9dead0ebed53e) Importer(815301076,1909f56bfc062723c751e8b465ee728b)
Start importing Assets/Materials/mat_Slingshot.mat using Guid(66303fa9b2926b04bbd9dead0ebed53e) Importer(815301076,1909f56bfc062723c751e8b465ee728b)  -> (artifact id: '6ff86e16d121d1fb827f3e4d6a514935') in 0.018167 seconds
  Import took 0.023506 seconds .

========================================================================
Received Import Request.
  Time since last request: 310.436414 seconds.
  path: Assets/Materials/mat_Projectile.mat
  artifactKey: Guid(8020eb75067b1f44ebb70133872b5125) Importer(815301076,1909f56bfc062723c751e8b465ee728b)
Start importing Assets/Materials/mat_Projectile.mat using Guid(8020eb75067b1f44ebb70133872b5125) Importer(815301076,1909f56bfc062723c751e8b465ee728b)  -> (artifact id: '022350945b43e676e00e3330e58e0d87') in 0.024856 seconds
  Import took 0.030042 seconds .

========================================================================
Received Import Request.
  Time since last request: 63.374807 seconds.
  path: Assets
  artifactKey: Guid(00000000000000001000000000000000) Importer(815301076,1909f56bfc062723c751e8b465ee728b)
Start importing Assets using Guid(00000000000000001000000000000000) Importer(815301076,1909f56bfc062723c751e8b465ee728b)  -> (artifact id: '42d402b061de3733987d63b9cc3b64de') in 0.010024 seconds
  Import took 0.015361 seconds .

========================================================================
Received Import Request.
  Time since last request: 7.914717 seconds.
  path: Assets/Prefabs
  artifactKey: Guid(236e4fafe9de7b346a1cfc3d10370b73) Importer(815301076,1909f56bfc062723c751e8b465ee728b)
Start importing Assets/Prefabs using Guid(236e4fafe9de7b346a1cfc3d10370b73) Importer(815301076,1909f56bfc062723c751e8b465ee728b)  -> (artifact id: '828f00a33fb166c10825d17d5708e57d') in 0.009025 seconds
  Import took 0.013842 seconds .

========================================================================
Received Import Request.
  Time since last request: 0.003890 seconds.
  path: Assets/Prefabs
  artifactKey: Guid(236e4fafe9de7b346a1cfc3d10370b73) Importer(815301076,1909f56bfc062723c751e8b465ee728b)
Start importing Assets/Prefabs using Guid(236e4fafe9de7b346a1cfc3d10370b73) Importer(815301076,1909f56bfc062723c751e8b465ee728b)  -> (artifact id: '828f00a33fb166c10825d17d5708e57d') in 0.003831 seconds
  Import took 0.009354 seconds .

========================================================================
Received Import Request.
  Time since last request: 4.036926 seconds.
  path: Assets/Prefabs/Projectile.prefab
  artifactKey: Guid(d563c8304c84676448cb247be9e3f842) Importer(815301076,1909f56bfc062723c751e8b465ee728b)
Start importing Assets/Prefabs/Projectile.prefab using Guid(d563c8304c84676448cb247be9e3f842) Importer(815301076,1909f56bfc062723c751e8b465ee728b)  -> (artifact id: '077d66104bdbc40cbfd618cb664a09b6') in 0.035700 seconds
  Import took 0.040921 seconds .

========================================================================
Received Import Request.
  Time since last request: 0.005039 seconds.
  path: Assets/Prefabs/Projectile.prefab
  artifactKey: Guid(d563c8304c84676448cb247be9e3f842) Importer(815301076,1909f56bfc062723c751e8b465ee728b)
Start importing Assets/Prefabs/Projectile.prefab using Guid(d563c8304c84676448cb247be9e3f842) Importer(815301076,1909f56bfc062723c751e8b465ee728b)  -> (artifact id: '077d66104bdbc40cbfd618cb664a09b6') in 0.014371 seconds
  Import took 0.019355 seconds .

========================================================================
Received Import Request.
  Time since last request: 94.602915 seconds.
  path: Assets/Scripts
  artifactKey: Guid(02a3527b6b33a924e8ec66aa805ea717) Importer(815301076,1909f56bfc062723c751e8b465ee728b)
Start importing Assets/Scripts using Guid(02a3527b6b33a924e8ec66aa805ea717) Importer(815301076,1909f56bfc062723c751e8b465ee728b)  -> (artifact id: 'f0a913a0049096cde5d6a727232f232f') in 0.009494 seconds
  Import took 0.014615 seconds .

========================================================================
Received Import Request.
  Time since last request: 12.533978 seconds.
  path: Assets/Scripts/Slingshot.cs
  artifactKey: Guid(ef21b4481821e3742ba3c6a804533b0e) Importer(815301076,1909f56bfc062723c751e8b465ee728b)
Start importing Assets/Scripts/Slingshot.cs using Guid(ef21b4481821e3742ba3c6a804533b0e) Importer(815301076,1909f56bfc062723c751e8b465ee728b)  -> (artifact id: '2768ae392347bc6cc895cef40a8c1d02') in 0.015052 seconds
  Import took 0.022040 seconds .

========================================================================
Received Import Request.
  Time since last request: 0.001435 seconds.
  path: Assets/Scripts/Slingshot.cs
  artifactKey: Guid(ef21b4481821e3742ba3c6a804533b0e) Importer(815301076,1909f56bfc062723c751e8b465ee728b)
Start importing Assets/Scripts/Slingshot.cs using Guid(ef21b4481821e3742ba3c6a804533b0e) Importer(815301076,1909f56bfc062723c751e8b465ee728b)  -> (artifact id: '2768ae392347bc6cc895cef40a8c1d02') in 0.004777 seconds
  Import took 0.010575 seconds .

========================================================================
Received Prepare
Registering precompiled user dll's ...
Registered in 0.008902 seconds.
Begin MonoManager ReloadAssembly
Native extension for WindowsStandalone target not found
Refreshing native plugins compatible for Editor in 0.63 ms, found 2 plugins.
Preloading 0 native plugins for Editor in 0.00 ms.
Mono: successfully reloaded assembly
- Completed reload, in  2.041 seconds
Platform modules already initialized, skipping
Shader 'Universal Render Pipeline/Particles/Lit': fallback shader 'Universal Render Pipeline/Particles/SimpleLit' not found
Shader 'Universal Render Pipeline/Particles/Lit': fallback shader 'Universal Render Pipeline/Particles/SimpleLit' not found
Refreshing native plugins compatible for Editor in 0.74 ms, found 2 plugins.
Preloading 0 native plugins for Editor in 0.00 ms.
Unloading 2618 Unused Serialized files (Serialized files now loaded: 0)
System memory in use before: 124.1 MB.
System memory in use after: 121.3 MB.

Unloading 49 unused Assets to reduce memory usage. Loaded Objects now: 3172.
Total: 7.529400 ms (FindLiveObjects: 1.015400 ms CreateObjectMapping: 0.341800 ms MarkObjects: 3.620000 ms  DeleteObjects: 2.548500 ms)

========================================================================
Received Prepare
Registering precompiled user dll's ...
Registered in 0.006981 seconds.
Begin MonoManager ReloadAssembly
Native extension for WindowsStandalone target not found
Refreshing native plugins compatible for Editor in 0.59 ms, found 2 plugins.
Preloading 0 native plugins for Editor in 0.00 ms.
Mono: successfully reloaded assembly
- Completed reload, in  1.402 seconds
Platform modules already initialized, skipping
Shader 'Universal Render Pipeline/Particles/Lit': fallback shader 'Universal Render Pipeline/Particles/SimpleLit' not found
Shader 'Universal Render Pipeline/Particles/Lit': fallback shader 'Universal Render Pipeline/Particles/SimpleLit' not found
Refreshing native plugins compatible for Editor in 0.60 ms, found 2 plugins.
Preloading 0 native plugins for Editor in 0.00 ms.
Unloading 2618 Unused Serialized files (Serialized files now loaded: 0)
System memory in use before: 124.1 MB.
System memory in use after: 121.4 MB.

Unloading 49 unused Assets to reduce memory usage. Loaded Objects now: 3175.
Total: 5.254700 ms (FindLiveObjects: 0.377400 ms CreateObjectMapping: 0.088600 ms MarkObjects: 3.064200 ms  DeleteObjects: 1.722700 ms)

========================================================================
Received Prepare
Registering precompiled user dll's ...
Registered in 0.010522 seconds.
Begin MonoManager ReloadAssembly
Native extension for WindowsStandalone target not found
Refreshing native plugins compatible for Editor in 0.61 ms, found 2 plugins.
Preloading 0 native plugins for Editor in 0.00 ms.
Mono: successfully reloaded assembly
- Completed reload, in  1.500 seconds
Platform modules already initialized, skipping
Shader 'Universal Render Pipeline/Particles/Lit': fallback shader 'Universal Render Pipeline/Particles/SimpleLit' not found
Shader 'Universal Render Pipeline/Particles/Lit': fallback shader 'Universal Render Pipeline/Particles/SimpleLit' not found
Refreshing native plugins compatible for Editor in 0.60 ms, found 2 plugins.
Preloading 0 native plugins for Editor in 0.00 ms.
Unloading 2618 Unused Serialized files (Serialized files now loaded: 0)
System memory in use before: 124.1 MB.
System memory in use after: 121.4 MB.

Unloading 49 unused Assets to reduce memory usage. Loaded Objects now: 3178.
Total: 5.656800 ms (FindLiveObjects: 0.429800 ms CreateObjectMapping: 0.145900 ms MarkObjects: 2.488100 ms  DeleteObjects: 2.591200 ms)

========================================================================
Received Prepare
Registering precompiled user dll's ...
Registered in 0.006889 seconds.
Begin MonoManager ReloadAssembly
Native extension for WindowsStandalone target not found
Refreshing native plugins compatible for Editor in 0.59 ms, found 2 plugins.
Preloading 0 native plugins for Editor in 0.00 ms.
Mono: successfully reloaded assembly
- Completed reload, in  1.403 seconds
Platform modules already initialized, skipping
Shader 'Universal Render Pipeline/Particles/Lit': fallback shader 'Universal Render Pipeline/Particles/SimpleLit' not found
Shader 'Universal Render Pipeline/Particles/Lit': fallback shader 'Universal Render Pipeline/Particles/SimpleLit' not found
Refreshing native plugins compatible for Editor in 0.64 ms, found 2 plugins.
Preloading 0 native plugins for Editor in 0.00 ms.
Unloading 2618 Unused Serialized files (Serialized files now loaded: 0)
System memory in use before: 124.2 MB.
System memory in use after: 121.5 MB.

Unloading 49 unused Assets to reduce memory usage. Loaded Objects now: 3181.
Total: 4.698000 ms (FindLiveObjects: 0.371000 ms CreateObjectMapping: 0.079700 ms MarkObjects: 2.442900 ms  DeleteObjects: 1.802900 ms)

========================================================================
Received Prepare
Registering precompiled user dll's ...
Registered in 0.006786 seconds.
Begin MonoManager ReloadAssembly
Native extension for WindowsStandalone target not found
Refreshing native plugins compatible for Editor in 0.66 ms, found 2 plugins.
Preloading 0 native plugins for Editor in 0.00 ms.
Mono: successfully reloaded assembly
- Completed reload, in  1.353 seconds
Platform modules already initialized, skipping
Shader 'Universal Render Pipeline/Particles/Lit': fallback shader 'Universal Render Pipeline/Particles/SimpleLit' not found
Shader 'Universal Render Pipeline/Particles/Lit': fallback shader 'Universal Render Pipeline/Particles/SimpleLit' not found
Refreshing native plugins compatible for Editor in 0.60 ms, found 2 plugins.
Preloading 0 native plugins for Editor in 0.00 ms.
Unloading 2618 Unused Serialized files (Serialized files now loaded: 0)
System memory in use before: 124.3 MB.
System memory in use after: 121.5 MB.

Unloading 49 unused Assets to reduce memory usage. Loaded Objects now: 3184.
Total: 5.129100 ms (FindLiveObjects: 0.355100 ms CreateObjectMapping: 0.082700 ms MarkObjects: 2.886100 ms  DeleteObjects: 1.802900 ms)

